<?xml version="1.0" encoding="UTF-8"?>
<!-- Generated by org.testng.reporters.JUnitXMLReporter -->
<testsuite ignored="0" hostname="sb-HP-Pavilion-Sleekbook-15-PC" failures="2" tests="8" name="Test" time="0.128" errors="0" timestamp="10 Jul 2019 17:31:42 GMT">
  <testcase classname="TestNGPractice.B" name="afterclass" time="0.019"/>
  <testcase classname="TestNGPractice.B" name="afterdmethod" time="0.004"/>
  <testcase classname="TestNGPractice.B" name="afterfclass" time="0.003"/>
  <testcase classname="TestNGPractice.B" name="aftermethod" time="0.002"/>
  <testcase classname="TestNGPractice.B" name="aftersuite" time="0.002"/>
  <testcase classname="TestNGPractice.B" name="beforedmethod" time="0.002"/>
  <testcase classname="TestNGPractice.B" name="beforemethod" time="0.0">
    <failure type="org.testng.TestNGException" message="
Cannot inject @Test annotated Method [beforemethod] with [class java.lang.String].
For more information on native dependency injection please refer to http://testng.org/doc/documentation-main.html#native-dependency-injection">
      <![CDATA[org.testng.TestNGException: 
Cannot inject @Test annotated Method [beforemethod] with [class java.lang.String].
For more information on native dependency injection please refer to http://testng.org/doc/documentation-main.html#native-dependency-injection
... Removed 24 stack frames]]>
    </failure>
  </testcase> <!-- beforemethod -->
  <testcase classname="TestNGPractice.B" name="first" time="0.0">
    <failure type="org.testng.TestNGException" message="
Cannot inject @Test annotated Method [first] with [class java.lang.String].
For more information on native dependency injection please refer to http://testng.org/doc/documentation-main.html#native-dependency-injection">
      <![CDATA[org.testng.TestNGException: 
Cannot inject @Test annotated Method [first] with [class java.lang.String].
For more information on native dependency injection please refer to http://testng.org/doc/documentation-main.html#native-dependency-injection
... Removed 24 stack frames]]>
    </failure>
  </testcase> <!-- first -->
</testsuite> <!-- Test -->
