<?xml version="1.0" encoding="UTF-8"?>
<testng-results ignored="0" total="1" passed="1" failed="0" skipped="0">
  <reporter-output>
  </reporter-output>
  <suite started-at="2019-06-28T14:00:16Z" name="Default suite" finished-at="2019-06-28T14:01:20Z" duration-ms="64666">
    <groups>
    </groups>
    <test started-at="2019-06-28T14:00:16Z" name="Default test" finished-at="2019-06-28T14:01:20Z" duration-ms="64666">
      <class name="Scenarios.TimesOfIndia">
        <test-method signature="clickAllLinks()[pri:0, instance:Scenarios.TimesOfIndia@4e3958e7]" started-at="2019-06-28T14:00:16Z" name="clickAllLinks" finished-at="2019-06-28T14:01:20Z" duration-ms="64598" status="PASS">
          <reporter-output>
          </reporter-output>
        </test-method> <!-- clickAllLinks -->
      </class> <!-- Scenarios.TimesOfIndia -->
    </test> <!-- Default test -->
  </suite> <!-- Default suite -->
</testng-results>
